# JRE version: Java(TM) SE Runtime Environment (8.0_45-b15) (build 1.8.0_45-b15)
# Java VM: Java HotSpot(TM) Client VM (25.45-b02 mixed mode windows-x86 )
Heap:
 def new generation   total 4736K, used 1448K [0x02c00000, 0x03120000, 0x056a0000)
  eden space 4224K,  34% used [0x02c00000, 0x02d68af8, 0x03020000)
  from space 512K,   1% used [0x03020000, 0x03021648, 0x030a0000)
  to   space 512K,   0% used [0x030a0000, 0x030a0000, 0x03120000)
 tenured generation   total 10368K, used 7418K [0x056a0000, 0x060c0000, 0x0ac00000)
   the space 10368K,  71% used [0x056a0000, 0x05dde9d0, 0x05ddea00, 0x060c0000)
 Metaspace       used 8040K, capacity 8211K, committed 8320K, reserved 8576K
GC Heap History (10 events):
Event: 1.605 GC heap before
{Heap before GC invocations=8 (full 0):
 def new generation   total 2432K, used 1561K [0x02c00000, 0x02ea0000, 0x056a0000)
  eden space 2176K,  71% used [0x02c00000, 0x02d85590, 0x02e20000)
  from space 256K,   1% used [0x02e20000, 0x02e20ff0, 0x02e60000)
  to   space 256K,   0% used [0x02e60000, 0x02e60000, 0x02ea0000)
 tenured generation   total 5504K, used 3470K [0x056a0000, 0x05c00000, 0x0ac00000)
   the space 5504K,  63% used [0x056a0000, 0x05a039a0, 0x05a03a00, 0x05c00000)
 Metaspace       used 7905K, capacity 8083K, committed 8192K, reserved 8576K
Event: 1.606 GC heap after
Heap after GC invocations=9 (full 0):
 def new generation   total 2432K, used 4K [0x02c00000, 0x02ea0000, 0x056a0000)
  eden space 2176K,   0% used [0x02c00000, 0x02c00000, 0x02e20000)
  from space 256K,   1% used [0x02e60000, 0x02e61108, 0x02ea0000)
  to   space 256K,   0% used [0x02e20000, 0x02e20000, 0x02e60000)
 tenured generation   total 5504K, used 3470K [0x056a0000, 0x05c00000, 0x0ac00000)
   the space 5504K,  63% used [0x056a0000, 0x05a039a0, 0x05a03a00, 0x05c00000)
 Metaspace       used 7905K, capacity 8083K, committed 8192K, reserved 8576K
}
Event: 1.612 GC heap before
{Heap before GC invocations=9 (full 0):
 def new generation   total 2432K, used 1583K [0x02c00000, 0x02ea0000, 0x056a0000)
  eden space 2176K,  72% used [0x02c00000, 0x02d8acb0, 0x02e20000)
  from space 256K,   1% used [0x02e60000, 0x02e61108, 0x02ea0000)
  to   space 256K,   0% used [0x02e20000, 0x02e20000, 0x02e60000)
 tenured generation   total 5504K, used 3470K [0x056a0000, 0x05c00000, 0x0ac00000)
   the space 5504K,  63% used [0x056a0000, 0x05a039a0, 0x05a03a00, 0x05c00000)
 Metaspace       used 7942K, capacity 8147K, committed 8320K, reserved 8576K
Event: 1.615 GC heap after
Heap after GC invocations=10 (full 0):
 def new generation   total 2432K, used 12K [0x02c00000, 0x02ea0000, 0x056a0000)
  eden space 2176K,   0% used [0x02c00000, 0x02c00000, 0x02e20000)
  from space 256K,   4% used [0x02e20000, 0x02e232b0, 0x02e60000)
  to   space 256K,   0% used [0x02e60000, 0x02e60000, 0x02ea0000)
 tenured generation   total 5504K, used 5006K [0x056a0000, 0x05c00000, 0x0ac00000)
   the space 5504K,  90% used [0x056a0000, 0x05b839b0, 0x05b83a00, 0x05c00000)
 Metaspace       used 7942K, capacity 8147K, committed 8320K, reserved 8576K
}
Event: 1.619 GC heap before
{Heap before GC invocations=10 (full 0):
 def new generation   total 2432K, used 1253K [0x02c00000, 0x02ea0000, 0x056a0000)
  eden space 2176K,  57% used [0x02c00000, 0x02d364f0, 0x02e20000)
  from space 256K,   4% used [0x02e20000, 0x02e232b0, 0x02e60000)
  to   space 256K,   0% used [0x02e60000, 0x02e60000, 0x02ea0000)
 tenured generation   total 5504K, used 5006K [0x056a0000, 0x05c00000, 0x0ac00000)
   the space 5504K,  90% used [0x056a0000, 0x05b839b0, 0x05b83a00, 0x05c00000)
 Metaspace       used 7957K, capacity 8147K, committed 8320K, reserved 8576K
Event: 1.628 GC heap after
Heap after GC invocations=11 (full 1):
 def new generation   total 4736K, used 0K [0x02c00000, 0x03120000, 0x056a0000)
  eden space 4224K,   0% used [0x02c00000, 0x02c00000, 0x03020000)
  from space 512K,   0% used [0x03020000, 0x03020000, 0x030a0000)
  to   space 512K,   0% used [0x030a0000, 0x030a0000, 0x03120000)
 tenured generation   total 10368K, used 6218K [0x056a0000, 0x060c0000, 0x0ac00000)
   the space 10368K,  59% used [0x056a0000, 0x05cb29c0, 0x05cb2a00, 0x060c0000)
 Metaspace       used 7957K, capacity 8147K, committed 8320K, reserved 8576K
}
Event: 1.676 GC heap before
{Heap before GC invocations=11 (full 1):
 def new generation   total 4736K, used 4224K [0x02c00000, 0x03120000, 0x056a0000)
  eden space 4224K, 100% used [0x02c00000, 0x03020000, 0x03020000)
  from space 512K,   0% used [0x03020000, 0x03020000, 0x030a0000)
  to   space 512K,   0% used [0x030a0000, 0x030a0000, 0x03120000)
 tenured generation   total 10368K, used 6218K [0x056a0000, 0x060c0000, 0x0ac00000)
   the space 10368K,  59% used [0x056a0000, 0x05cb29c0, 0x05cb2a00, 0x060c0000)
 Metaspace       used 7957K, capacity 8147K, committed 8320K, reserved 8576K
Event: 1.678 GC heap after
Heap after GC invocations=12 (full 1):
 def new generation   total 4736K, used 1K [0x02c00000, 0x03120000, 0x056a0000)
  eden space 4224K,   0% used [0x02c00000, 0x02c00000, 0x03020000)
  from space 512K,   0% used [0x030a0000, 0x030a0760, 0x03120000)
  to   space 512K,   0% used [0x03020000, 0x03020000, 0x030a0000)
 tenured generation   total 10368K, used 7418K [0x056a0000, 0x060c0000, 0x0ac00000)
   the space 10368K,  71% used [0x056a0000, 0x05dde9d0, 0x05ddea00, 0x060c0000)
 Metaspace       used 7957K, capacity 8147K, committed 8320K, reserved 8576K
}
Event: 1.686 GC heap before
{Heap before GC invocations=12 (full 1):
 def new generation   total 4736K, used 4225K [0x02c00000, 0x03120000, 0x056a0000)
  eden space 4224K, 100% used [0x02c00000, 0x03020000, 0x03020000)
  from space 512K,   0% used [0x030a0000, 0x030a0760, 0x03120000)
  to   space 512K,   0% used [0x03020000, 0x03020000, 0x030a0000)
 tenured generation   total 10368K, used 7418K [0x056a0000, 0x060c0000, 0x0ac00000)
   the space 10368K,  71% used [0x056a0000, 0x05dde9d0, 0x05ddea00, 0x060c0000)
 Metaspace       used 7958K, capacity 8147K, committed 8320K, reserved 8576K
Event: 1.687 GC heap after
Heap after GC invocations=13 (full 1):
 def new generation   total 4736K, used 5K [0x02c00000, 0x03120000, 0x056a0000)
  eden space 4224K,   0% used [0x02c00000, 0x02c00000, 0x03020000)
  from space 512K,   1% used [0x03020000, 0x03021648, 0x030a0000)
  to   space 512K,   0% used [0x030a0000, 0x030a0000, 0x03120000)
 tenured generation   total 10368K, used 7418K [0x056a0000, 0x060c0000, 0x0ac00000)
   the space 10368K,  71% used [0x056a0000, 0x05dde9d0, 0x05ddea00, 0x060c0000)
 Metaspace       used 7958K, capacity 8147K, committed 8320K, reserved 8576K
}

